START OF LOG
Client started.
Message sent: PLAY cc
ncurses screen initialized
Display initialized
Message loop started
Message received: OK A
Message (OK A) was handled correctly!
Message received: GRID 7 32
Message (GRID 7 32) was handled correctly!
Message received: GOLD 0 0 250
Message (GOLD 0 0 250) was handled correctly!
Message received: DISPLAY
                                
  +---------------#---------+   
  #....................*...*#   
  |.*...**...**.*..*...*****|   
  |...@*..*.*.***...........|   
  +---------------#---------+   
                                

Message (DISPLAY
                                
  +---------------#---------+   
  #....................*...*#   
  |.*...**...**.*..*...*****|   
  |...@*..*.*.***...........|   
  +---------------#---------+   
                                
) was handled correctly!
Message received: DISPLAY
                                
  +---------------#---------+   
  #....................*...*#   
  |.*...**...**.*..*...*****|   
  |@...*..*.*.***...........|   
  +---------------#---------+   
                                

Message (DISPLAY
                                
  +---------------#---------+   
  #....................*...*#   
  |.*...**...**.*..*...*****|   
  |@...*..*.*.***...........|   
  +---------------#---------+   
                                
) was handled correctly!
Message received: GOLD 0 94 156
Message (GOLD 0 94 156) was handled correctly!
Message received: GOLD 94 94 156
Message (GOLD 94 94 156) was handled correctly!
Message received: DISPLAY
                                
  +---------------#---------+   
  #....................*...*#   
  |.*...**...**.*..*...*****|   
  |........................@|   
  +---------------#---------+   
                                

Message (DISPLAY
                                
  +---------------#---------+   
  #....................*...*#   
  |.*...**...**.*..*...*****|   
  |........................@|   
  +---------------#---------+   
                                
) was handled correctly!
Message received: GOLD 0 125 125
Message (GOLD 0 125 125) was handled correctly!
Message received: GOLD 31 125 125
Message (GOLD 31 125 125) was handled correctly!
Message received: DISPLAY
                                
  +---------------#---------+   
  #....................*...@#   
  |.*...**...**.*..*...****.|   
  |.........................|   
  +---------------#---------+   
                                

Message (DISPLAY
                                
  +---------------#---------+   
  #....................*...@#   
  |.*...**...**.*..*...****.|   
  |.........................|   
  +---------------#---------+   
                                
) was handled correctly!
Message received: DISPLAY
                                
  +---------------#---------+   
  #....................*....#   
  |.*...**...**.*..*...****.|   
  |........................@|   
  +---------------#---------+   
                                

Message (DISPLAY
                                
  +---------------#---------+   
  #....................*....#   
  |.*...**...**.*..*...****.|   
  |........................@|   
  +---------------#---------+   
                                
) was handled correctly!
Message received: DISPLAY
                                
  +---------------#---------+   
  #....................*....#   
  |.*...**...**.*..*...****.|   
  |@........................|   
  +---------------#---------+   
                                

Message (DISPLAY
                                
  +---------------#---------+   
  #....................*....#   
  |.*...**...**.*..*...****.|   
  |@........................|   
  +---------------#---------+   
                                
) was handled correctly!
Message received: DISPLAY
                                
  +---------------#---------+   
  #....................*....#   
  |@*...**...**.*..*...****.|   
  |.........................|   
  +---------------#---------+   
                                

Message (DISPLAY
                                
  +---------------#---------+   
  #....................*....#   
  |@*...**...**.*..*...****.|   
  |.........................|   
  +---------------#---------+   
                                
) was handled correctly!
Message received: GOLD 0 130 120
Message (GOLD 0 130 120) was handled correctly!
Message received: GOLD 5 130 120
Message (GOLD 5 130 120) was handled correctly!
Message received: DISPLAY
                                
  +---------------#---------+   
  #....................*....#   
  |.@...**...**.*..*...****.|   
  |.........................|   
  +---------------#---------+   
                                

Message (DISPLAY
                                
  +---------------#---------+   
  #....................*....#   
  |.@...**...**.*..*...****.|   
  |.........................|   
  +---------------#---------+   
                                
) was handled correctly!
Message received: GOLD 0 241 9
Message (GOLD 0 241 9) was handled correctly!
Message received: GOLD 111 241 9
Message (GOLD 111 241 9) was handled correctly!
Message received: DISPLAY
                                
  +---------------#---------+   
  #....................*....#   
  |........................@|   
  |.........................|   
  +---------------#---------+   
                                

Message (DISPLAY
                                
  +---------------#---------+   
  #....................*....#   
  |........................@|   
  |.........................|   
  +---------------#---------+   
                                
) was handled correctly!
Message received: DISPLAY
                                
  +---------------#---------+   
  #....................*....#   
  |.........................|   
  |........................@|   
  +---------------#---------+   
                                

Message (DISPLAY
                                
  +---------------#---------+   
  #....................*....#   
  |.........................|   
  |........................@|   
  +---------------#---------+   
                                
) was handled correctly!
Message received: DISPLAY
                                
  +---------------#---------+   
  #....................*....#   
  |........................@|   
  |.........................|   
  +---------------#---------+   
                                

Message (DISPLAY
                                
  +---------------#---------+   
  #....................*....#   
  |........................@|   
  |.........................|   
  +---------------#---------+   
                                
) was handled correctly!
Message received: DISPLAY
                                
  +---------------#---------+   
  #....................*...@#   
  |.........................|   
  |.........................|   
  +---------------#---------+   
                                

Message (DISPLAY
                                
  +---------------#---------+   
  #....................*...@#   
  |.........................|   
  |.........................|   
  +---------------#---------+   
                                
) was handled correctly!
Message received: DISPLAY
                                
  +---------------#---------+   
  #....................*..@.#   
  |.........................|   
  |.........................|   
  +---------------#---------+   
                                

Message (DISPLAY
                                
  +---------------#---------+   
  #....................*..@.#   
  |.........................|   
  |.........................|   
  +---------------#---------+   
                                
) was handled correctly!
Message received: DISPLAY
                                
  +---------------#---------+   
  #....................*.@..#   
  |.........................|   
  |.........................|   
  +---------------#---------+   
                                

Message (DISPLAY
                                
  +---------------#---------+   
  #....................*.@..#   
  |.........................|   
  |.........................|   
  +---------------#---------+   
                                
) was handled correctly!
Message received: DISPLAY
                                
  +---------------#---------+   
  #....................*@...#   
  |.........................|   
  |.........................|   
  +---------------#---------+   
                                

Message (DISPLAY
                                
  +---------------#---------+   
  #....................*@...#   
  |.........................|   
  |.........................|   
  +---------------#---------+   
                                
) was handled correctly!
Message received: GOLD 0 250 0
Message (GOLD 0 250 0) was handled correctly!
Message received: GOLD 9 250 0
Message (GOLD 9 250 0) was handled correctly!
Message received: DISPLAY
                                
  +---------------#---------+   
  #....................@....#   
  |.........................|   
  |.........................|   
  +---------------#---------+   
                                

Message (DISPLAY
                                
  +---------------#---------+   
  #....................@....#   
  |.........................|   
  |.........................|   
  +---------------#---------+   
                                
) was handled correctly!
Message received: QUIT GAME OVER:
A    250 cc


Message loop ended
Cleaning up resources
END OF LOG
