START OF LOG
Client started.
Message sent: PLAY dsda
ncurses screen initialized
Display initialized
Message loop started
Message received: OK B
Message (OK B) was handled correctly!
Message received: GRID 7 32
Message (GRID 7 32) was handled correctly!
Message received: GOLD 0 0 235
Message (GOLD 0 0 235) was handled correctly!
Message received: DISPLAY
                                
  +---------------#---------+   
  #..*.....*..........*.....#   
  |.....*.***....A..**.*...*|   
  |...*..*.*....@......*...*|   
  +---------------#---------+   
                                

Message (DISPLAY
                                
  +---------------#---------+   
  #..*.....*..........*.....#   
  |.....*.***....A..**.*...*|   
  |...*..*.*....@......*...*|   
  +---------------#---------+   
                                
) was handled correctly!
Message received: DISPLAY
                                
  +---------------#---------+   
  #..*.....*..........*.....#   
  |.....*.***...@A..**.*...*|   
  |...*..*.*...........*...*|   
  +---------------#---------+   
                                

Message (DISPLAY
                                
  +---------------#---------+   
  #..*.....*..........*.....#   
  |.....*.***...@A..**.*...*|   
  |...*..*.*...........*...*|   
  +---------------#---------+   
                                
) was handled correctly!
Message received: GOLD 0 0 235
Message (GOLD 0 0 235) was handled correctly!
Message received: DISPLAY
                                
  +---------------#---------+   
  #..*.....*....@.....*.....#   
  |.....*.***....A..**.*...*|   
  |...*..*.*...........*...*|   
  +---------------#---------+   
                                

Message (DISPLAY
                                
  +---------------#---------+   
  #..*.....*....@.....*.....#   
  |.....*.***....A..**.*...*|   
  |...*..*.*...........*...*|   
  +---------------#---------+   
                                
) was handled correctly!
Message received: GOLD 0 0 235
Message (GOLD 0 0 235) was handled correctly!
Message received: DISPLAY
                                
  +---------------#---------+   
  #..*.....*.....@....*.....#   
  |.....*.***....A..**.*...*|   
  |...*..*.*...........*...*|   
  +---------------#---------+   
                                

Message (DISPLAY
                                
  +---------------#---------+   
  #..*.....*.....@....*.....#   
  |.....*.***....A..**.*...*|   
  |...*..*.*...........*...*|   
  +---------------#---------+   
                                
) was handled correctly!
Message received: GOLD 0 0 235
Message (GOLD 0 0 235) was handled correctly!
Message received: DISPLAY
                                
  +---------------#---------+   
  #..*.....*......@...*.....#   
  |.....*.***....A..**.*...*|   
  |...*..*.*...........*...*|   
  +---------------#---------+   
                                

Message (DISPLAY
                                
  +---------------#---------+   
  #..*.....*......@...*.....#   
  |.....*.***....A..**.*...*|   
  |...*..*.*...........*...*|   
  +---------------#---------+   
                                
) was handled correctly!
Message received: GOLD 0 0 235
Message (GOLD 0 0 235) was handled correctly!
Message received: DISPLAY
                                
  +---------------#---------+   
  #..*.....*.......@..*.....#   
  |.....*.***....A..**.*...*|   
  |...*..*.*...........*...*|   
  +---------------#---------+   
                                

Message (DISPLAY
                                
  +---------------#---------+   
  #..*.....*.......@..*.....#   
  |.....*.***....A..**.*...*|   
  |...*..*.*...........*...*|   
  +---------------#---------+   
                                
) was handled correctly!
Message received: GOLD 0 0 235
Message (GOLD 0 0 235) was handled correctly!
Message received: DISPLAY
                                
  +---------------#---------+   
  #..*.....*........@.*.....#   
  |.....*.***....A..**.*...*|   
  |...*..*.*...........*...*|   
  +---------------#---------+   
                                

Message (DISPLAY
                                
  +---------------#---------+   
  #..*.....*........@.*.....#   
  |.....*.***....A..**.*...*|   
  |...*..*.*...........*...*|   
  +---------------#---------+   
                                
) was handled correctly!
Message received: GOLD 0 0 235
Message (GOLD 0 0 235) was handled correctly!
Message received: DISPLAY
                                
  +---------------#---------+   
  #..*.....*.........@*.....#   
  |.....*.***....A..**.*...*|   
  |...*..*.*...........*...*|   
  +---------------#---------+   
                                

Message (DISPLAY
                                
  +---------------#---------+   
  #..*.....*.........@*.....#   
  |.....*.***....A..**.*...*|   
  |...*..*.*...........*...*|   
  +---------------#---------+   
                                
) was handled correctly!
Message received: GOLD 0 0 235
Message (GOLD 0 0 235) was handled correctly!
Message received: DISPLAY
                                
  +---------------#---------+   
  #..*.....*..........@.....#   
  |.....*.***....A..**.*...*|   
  |...*..*.*...........*...*|   
  +---------------#---------+   
                                

Message (DISPLAY
                                
  +---------------#---------+   
  #..*.....*..........@.....#   
  |.....*.***....A..**.*...*|   
  |...*..*.*...........*...*|   
  +---------------#---------+   
                                
) was handled correctly!
Message received: GOLD 19 19 216
Message (GOLD 19 19 216) was handled correctly!
Message received: DISPLAY
                                
  +---------------#---------+   
  #..*.....*...........@....#   
  |.....*.***....A..**.*...*|   
  |...*..*.*...........*...*|   
  +---------------#---------+   
                                

Message (DISPLAY
                                
  +---------------#---------+   
  #..*.....*...........@....#   
  |.....*.***....A..**.*...*|   
  |...*..*.*...........*...*|   
  +---------------#---------+   
                                
) was handled correctly!
Message received: GOLD 19 19 216
Message (GOLD 19 19 216) was handled correctly!
Message received: DISPLAY
                                
  +---------------#---------+   
  #..*.....*................#   
  |.....*.***....A..**.@...*|   
  |...*..*.*...........*...*|   
  +---------------#---------+   
                                

Message (DISPLAY
                                
  +---------------#---------+   
  #..*.....*................#   
  |.....*.***....A..**.@...*|   
  |...*..*.*...........*...*|   
  +---------------#---------+   
                                
) was handled correctly!
Message received: GOLD 15 34 201
Message (GOLD 15 34 201) was handled correctly!
Message received: DISPLAY
                                
  +---------------#---------+   
  #..*.....*................#   
  |.....*.***....A..**.....*|   
  |...*..*.*...........@...*|   
  +---------------#---------+   
                                

Message (DISPLAY
                                
  +---------------#---------+   
  #..*.....*................#   
  |.....*.***....A..**.....*|   
  |...*..*.*...........@...*|   
  +---------------#---------+   
                                
) was handled correctly!
Message received: GOLD 13 47 188
Message (GOLD 13 47 188) was handled correctly!
Message received: DISPLAY
                                
  +---------------#---------+   
  #..*.....*................#   
  |.....*.***....A..**.....*|   
  |...*..*.*..........@....*|   
  +---------------#---------+   
                                

Message (DISPLAY
                                
  +---------------#---------+   
  #..*.....*................#   
  |.....*.***....A..**.....*|   
  |...*..*.*..........@....*|   
  +---------------#---------+   
                                
) was handled correctly!
Message received: GOLD 13 47 188
Message (GOLD 13 47 188) was handled correctly!
Message received: DISPLAY
                                
  +---------------#---------+   
  #..*.....*................#   
  |.....*.***....A..**.....*|   
  |...*..*.*.........@.....*|   
  +---------------#---------+   
                                

Message (DISPLAY
                                
  +---------------#---------+   
  #..*.....*................#   
  |.....*.***....A..**.....*|   
  |...*..*.*.........@.....*|   
  +---------------#---------+   
                                
) was handled correctly!
Message received: GOLD 13 47 188
Message (GOLD 13 47 188) was handled correctly!
Message received: DISPLAY
                                
  +---------------#---------+   
  #..*.....*................#   
  |.....*.***....A..**.....*|   
  |...*..*.*........@......*|   
  +---------------#---------+   
                                

Message (DISPLAY
                                
  +---------------#---------+   
  #..*.....*................#   
  |.....*.***....A..**.....*|   
  |...*..*.*........@......*|   
  +---------------#---------+   
                                
) was handled correctly!
Message received: GOLD 13 47 188
Message (GOLD 13 47 188) was handled correctly!
Message received: DISPLAY
                                
  +---------------#---------+   
  #..*.....*................#   
  |.....*.***....A..**.....*|   
  |...*..*.*.......@.......*|   
  +---------------#---------+   
                                

Message (DISPLAY
                                
  +---------------#---------+   
  #..*.....*................#   
  |.....*.***....A..**.....*|   
  |...*..*.*.......@.......*|   
  +---------------#---------+   
                                
) was handled correctly!
Message received: GOLD 13 47 188
Message (GOLD 13 47 188) was handled correctly!
Message received: DISPLAY
                                
  +---------------#---------+   
  #..*.....*................#   
  |.....*.***....A..**.....*|   
  |...*..*.*......@........*|   
  +---------------#---------+   
                                

Message (DISPLAY
                                
  +---------------#---------+   
  #..*.....*................#   
  |.....*.***....A..**.....*|   
  |...*..*.*......@........*|   
  +---------------#---------+   
                                
) was handled correctly!
Message received: GOLD 13 47 188
Message (GOLD 13 47 188) was handled correctly!
Message received: DISPLAY
                                
  +---------------#---------+   
  #..*.....*................#   
  |.....*.***....A..**.....*|   
  |...*..*.*.....@.........*|   
  +---------------#---------+   
                                

Message (DISPLAY
                                
  +---------------#---------+   
  #..*.....*................#   
  |.....*.***....A..**.....*|   
  |...*..*.*.....@.........*|   
  +---------------#---------+   
                                
) was handled correctly!
Message received: GOLD 13 47 188
Message (GOLD 13 47 188) was handled correctly!
Message received: DISPLAY
                                
  +---------------#---------+   
  #..*.....*................#   
  |.....*.***....A..**.....*|   
  |...*..*.*....@..........*|   
  +---------------#---------+   
                                

Message (DISPLAY
                                
  +---------------#---------+   
  #..*.....*................#   
  |.....*.***....A..**.....*|   
  |...*..*.*....@..........*|   
  +---------------#---------+   
                                
) was handled correctly!
Message received: GOLD 13 47 188
Message (GOLD 13 47 188) was handled correctly!
Message received: DISPLAY
                                
  +---------------#---------+   
  #..*.....*................#   
  |.....*.***....A..**.....*|   
  |...*..*.*...@...........*|   
  +---------------#---------+   
                                

Message (DISPLAY
                                
  +---------------#---------+   
  #..*.....*................#   
  |.....*.***....A..**.....*|   
  |...*..*.*...@...........*|   
  +---------------#---------+   
                                
) was handled correctly!
Message received: GOLD 13 47 188
Message (GOLD 13 47 188) was handled correctly!
Message received: DISPLAY
                                
  +---------------#---------+   
  #..*.....*................#   
  |.....*.***....A..**.....*|   
  |...*..*.*..@............*|   
  +---------------#---------+   
                                

Message (DISPLAY
                                
  +---------------#---------+   
  #..*.....*................#   
  |.....*.***....A..**.....*|   
  |...*..*.*..@............*|   
  +---------------#---------+   
                                
) was handled correctly!
Message received: GOLD 13 47 188
Message (GOLD 13 47 188) was handled correctly!
Message received: DISPLAY
                                
  +---------------#---------+   
  #..*.....*................#   
  |.....*.***....A..**.....*|   
  |...*..*.*.@.............*|   
  +---------------#---------+   
                                

Message (DISPLAY
                                
  +---------------#---------+   
  #..*.....*................#   
  |.....*.***....A..**.....*|   
  |...*..*.*.@.............*|   
  +---------------#---------+   
                                
) was handled correctly!
Message received: GOLD 13 47 188
Message (GOLD 13 47 188) was handled correctly!
Message received: DISPLAY
                                
  +---------------#---------+   
  #..*.....*................#   
  |.....*.***....A..**.....*|   
  |...*..*.*@..............*|   
  +---------------#---------+   
                                

Message (DISPLAY
                                
  +---------------#---------+   
  #..*.....*................#   
  |.....*.***....A..**.....*|   
  |...*..*.*@..............*|   
  +---------------#---------+   
                                
) was handled correctly!
Message received: GOLD 13 47 188
Message (GOLD 13 47 188) was handled correctly!
Message received: DISPLAY
                                
  +---------------#---------+   
  #..*.....*................#   
  |.....*.***....A..**.....*|   
  |...*..*.@...............*|   
  +---------------#---------+   
                                

Message (DISPLAY
                                
  +---------------#---------+   
  #..*.....*................#   
  |.....*.***....A..**.....*|   
  |...*..*.@...............*|   
  +---------------#---------+   
                                
) was handled correctly!
Message received: GOLD 13 60 175
Message (GOLD 13 60 175) was handled correctly!
Message received: DISPLAY
                                
  +---------------#---------+   
  #..*.....*................#   
  |.....*.***....A..**.....*|   
  |...*..*@................*|   
  +---------------#---------+   
                                

Message (DISPLAY
                                
  +---------------#---------+   
  #..*.....*................#   
  |.....*.***....A..**.....*|   
  |...*..*@................*|   
  +---------------#---------+   
                                
) was handled correctly!
Message received: GOLD 13 60 175
Message (GOLD 13 60 175) was handled correctly!
Message received: DISPLAY
                                
  +---------------#---------+   
  #..*.....*................#   
  |.....*.***....A..**.....*|   
  |...*..@.................*|   
  +---------------#---------+   
                                

Message (DISPLAY
                                
  +---------------#---------+   
  #..*.....*................#   
  |.....*.***....A..**.....*|   
  |...*..@.................*|   
  +---------------#---------+   
                                
) was handled correctly!
Message received: GOLD 12 72 163
Message (GOLD 12 72 163) was handled correctly!
Message received: DISPLAY
                                
  +---------------#---------+   
  #..*.....*................#   
  |.....*.***....A..**.....*|   
  |...*.@..................*|   
  +---------------#---------+   
                                

Message (DISPLAY
                                
  +---------------#---------+   
  #..*.....*................#   
  |.....*.***....A..**.....*|   
  |...*.@..................*|   
  +---------------#---------+   
                                
) was handled correctly!
Message received: GOLD 12 72 163
Message (GOLD 12 72 163) was handled correctly!
Message received: DISPLAY
                                
  +---------------#---------+   
  #..*.....*................#   
  |.....*.***....A..**.....*|   
  |...*@...................*|   
  +---------------#---------+   
                                

Message (DISPLAY
                                
  +---------------#---------+   
  #..*.....*................#   
  |.....*.***....A..**.....*|   
  |...*@...................*|   
  +---------------#---------+   
                                
) was handled correctly!
Message received: GOLD 12 72 163
Message (GOLD 12 72 163) was handled correctly!
Message received: DISPLAY
                                
  +---------------#---------+   
  #..*.....*................#   
  |.....*.***....A..**.....*|   
  |...@....................*|   
  +---------------#---------+   
                                

Message (DISPLAY
                                
  +---------------#---------+   
  #..*.....*................#   
  |.....*.***....A..**.....*|   
  |...@....................*|   
  +---------------#---------+   
                                
) was handled correctly!
Message received: GOLD 14 86 149
Message (GOLD 14 86 149) was handled correctly!
Message received: DISPLAY
                                
  +---------------#---------+   
  #..*.....*................#   
  |...@.*.***....A..**.....*|   
  |........................*|   
  +---------------#---------+   
                                

Message (DISPLAY
                                
  +---------------#---------+   
  #..*.....*................#   
  |...@.*.***....A..**.....*|   
  |........................*|   
  +---------------#---------+   
                                
) was handled correctly!
Message received: GOLD 14 86 149
Message (GOLD 14 86 149) was handled correctly!
Message received: DISPLAY
                                
  +---------------#---------+   
  #..*.....*................#   
  |....@*.***....A..**.....*|   
  |........................*|   
  +---------------#---------+   
                                

Message (DISPLAY
                                
  +---------------#---------+   
  #..*.....*................#   
  |....@*.***....A..**.....*|   
  |........................*|   
  +---------------#---------+   
                                
) was handled correctly!
Message received: GOLD 14 86 149
Message (GOLD 14 86 149) was handled correctly!
Message received: DISPLAY
                                
  +---------------#---------+   
  #..*.....*................#   
  |.....@.***....A..**.....*|   
  |........................*|   
  +---------------#---------+   
                                

Message (DISPLAY
                                
  +---------------#---------+   
  #..*.....*................#   
  |.....@.***....A..**.....*|   
  |........................*|   
  +---------------#---------+   
                                
) was handled correctly!
Message received: GOLD 14 100 135
Message (GOLD 14 100 135) was handled correctly!
Message received: DISPLAY
                                
  +---------------#---------+   
  #..*.....*................#   
  |......@***....A..**.....*|   
  |........................*|   
  +---------------#---------+   
                                

Message (DISPLAY
                                
  +---------------#---------+   
  #..*.....*................#   
  |......@***....A..**.....*|   
  |........................*|   
  +---------------#---------+   
                                
) was handled correctly!
Message received: GOLD 14 100 135
Message (GOLD 14 100 135) was handled correctly!
Message received: DISPLAY
                                
  +---------------#---------+   
  #..*.....*................#   
  |.......@**....A..**.....*|   
  |........................*|   
  +---------------#---------+   
                                

Message (DISPLAY
                                
  +---------------#---------+   
  #..*.....*................#   
  |.......@**....A..**.....*|   
  |........................*|   
  +---------------#---------+   
                                
) was handled correctly!
Message received: GOLD 12 112 123
Message (GOLD 12 112 123) was handled correctly!
Message received: DISPLAY
                                
  +---------------#---------+   
  #..*.....*................#   
  |........@*....A..**.....*|   
  |........................*|   
  +---------------#---------+   
                                

Message (DISPLAY
                                
  +---------------#---------+   
  #..*.....*................#   
  |........@*....A..**.....*|   
  |........................*|   
  +---------------#---------+   
                                
) was handled correctly!
Message received: GOLD 12 124 111
Message (GOLD 12 124 111) was handled correctly!
Message received: DISPLAY
                                
  +---------------#---------+   
  #..*.....*................#   
  |.........@....A..**.....*|   
  |........................*|   
  +---------------#---------+   
                                

Message (DISPLAY
                                
  +---------------#---------+   
  #..*.....*................#   
  |.........@....A..**.....*|   
  |........................*|   
  +---------------#---------+   
                                
) was handled correctly!
Message received: GOLD 12 136 99
Message (GOLD 12 136 99) was handled correctly!
Message received: DISPLAY
                                
  +---------------#---------+   
  #..*.....*................#   
  |........@.....A..**.....*|   
  |........................*|   
  +---------------#---------+   
                                

Message (DISPLAY
                                
  +---------------#---------+   
  #..*.....*................#   
  |........@.....A..**.....*|   
  |........................*|   
  +---------------#---------+   
                                
) was handled correctly!
Message received: GOLD 12 136 99
Message (GOLD 12 136 99) was handled correctly!
Message received: DISPLAY
                                
  +---------------#---------+   
  #..*.....@................#   
  |..............A..**.....*|   
  |........................*|   
  +---------------#---------+   
                                

Message (DISPLAY
                                
  +---------------#---------+   
  #..*.....@................#   
  |..............A..**.....*|   
  |........................*|   
  +---------------#---------+   
                                
) was handled correctly!
Message received: GOLD 22 158 77
Message (GOLD 22 158 77) was handled correctly!
Message received: DISPLAY
                                
  +---------------#---------+   
  #..*....@.................#   
  |..............A..**.....*|   
  |........................*|   
  +---------------#---------+   
                                

Message (DISPLAY
                                
  +---------------#---------+   
  #..*....@.................#   
  |..............A..**.....*|   
  |........................*|   
  +---------------#---------+   
                                
) was handled correctly!
Message received: GOLD 22 158 77
Message (GOLD 22 158 77) was handled correctly!
Message received: DISPLAY
                                
  +---------------#---------+   
  #..*...@..................#   
  |..............A..**.....*|   
  |........................*|   
  +---------------#---------+   
                                

Message (DISPLAY
                                
  +---------------#---------+   
  #..*...@..................#   
  |..............A..**.....*|   
  |........................*|   
  +---------------#---------+   
                                
) was handled correctly!
Message received: GOLD 22 158 77
Message (GOLD 22 158 77) was handled correctly!
Message received: DISPLAY
                                
  +---------------#---------+   
  #..*..@...................#   
  |..............A..**.....*|   
  |........................*|   
  +---------------#---------+   
                                

Message (DISPLAY
                                
  +---------------#---------+   
  #..*..@...................#   
  |..............A..**.....*|   
  |........................*|   
  +---------------#---------+   
                                
) was handled correctly!
Message received: GOLD 22 158 77
Message (GOLD 22 158 77) was handled correctly!
Message received: DISPLAY
                                
  +---------------#---------+   
  #..*.@....................#   
  |..............A..**.....*|   
  |........................*|   
  +---------------#---------+   
                                

Message (DISPLAY
                                
  +---------------#---------+   
  #..*.@....................#   
  |..............A..**.....*|   
  |........................*|   
  +---------------#---------+   
                                
) was handled correctly!
Message received: GOLD 22 158 77
Message (GOLD 22 158 77) was handled correctly!
Message received: DISPLAY
                                
  +---------------#---------+   
  #..*@.....................#   
  |..............A..**.....*|   
  |........................*|   
  +---------------#---------+   
                                

Message (DISPLAY
                                
  +---------------#---------+   
  #..*@.....................#   
  |..............A..**.....*|   
  |........................*|   
  +---------------#---------+   
                                
) was handled correctly!
Message received: GOLD 22 158 77
Message (GOLD 22 158 77) was handled correctly!
Message received: DISPLAY
                                
  +---------------#---------+   
  #..@......................#   
  |..............A..**.....*|   
  |........................*|   
  +---------------#---------+   
                                

Message (DISPLAY
                                
  +---------------#---------+   
  #..@......................#   
  |..............A..**.....*|   
  |........................*|   
  +---------------#---------+   
                                
) was handled correctly!
Message received: GOLD 14 172 63
Message (GOLD 14 172 63) was handled correctly!
Message received: DISPLAY
                                
  +---------------#---------+   
  #...@.....................#   
  |..............A..**.....*|   
  |........................*|   
  +---------------#---------+   
                                

Message (DISPLAY
                                
  +---------------#---------+   
  #...@.....................#   
  |..............A..**.....*|   
  |........................*|   
  +---------------#---------+   
                                
) was handled correctly!
Message received: GOLD 14 172 63
Message (GOLD 14 172 63) was handled correctly!
Message received: DISPLAY
                                
  +---------------#---------+   
  #....@....................#   
  |..............A..**.....*|   
  |........................*|   
  +---------------#---------+   
                                

Message (DISPLAY
                                
  +---------------#---------+   
  #....@....................#   
  |..............A..**.....*|   
  |........................*|   
  +---------------#---------+   
                                
) was handled correctly!
Message received: GOLD 14 172 63
Message (GOLD 14 172 63) was handled correctly!
Message received: DISPLAY
                                
  +---------------#---------+   
  #.....@...................#   
  |..............A..**.....*|   
  |........................*|   
  +---------------#---------+   
                                

Message (DISPLAY
                                
  +---------------#---------+   
  #.....@...................#   
  |..............A..**.....*|   
  |........................*|   
  +---------------#---------+   
                                
) was handled correctly!
Message received: GOLD 14 172 63
Message (GOLD 14 172 63) was handled correctly!
Message received: DISPLAY
                                
  +---------------#---------+   
  #......@..................#   
  |..............A..**.....*|   
  |........................*|   
  +---------------#---------+   
                                

Message (DISPLAY
                                
  +---------------#---------+   
  #......@..................#   
  |..............A..**.....*|   
  |........................*|   
  +---------------#---------+   
                                
) was handled correctly!
Message received: GOLD 14 172 63
Message (GOLD 14 172 63) was handled correctly!
Message received: DISPLAY
                                
  +---------------#---------+   
  #.......@.................#   
  |..............A..**.....*|   
  |........................*|   
  +---------------#---------+   
                                

Message (DISPLAY
                                
  +---------------#---------+   
  #.......@.................#   
  |..............A..**.....*|   
  |........................*|   
  +---------------#---------+   
                                
) was handled correctly!
Message received: GOLD 14 172 63
Message (GOLD 14 172 63) was handled correctly!
Message received: DISPLAY
                                
  +---------------#---------+   
  #........@................#   
  |..............A..**.....*|   
  |........................*|   
  +---------------#---------+   
                                

Message (DISPLAY
                                
  +---------------#---------+   
  #........@................#   
  |..............A..**.....*|   
  |........................*|   
  +---------------#---------+   
                                
) was handled correctly!
Message received: GOLD 14 172 63
Message (GOLD 14 172 63) was handled correctly!
Message received: DISPLAY
                                
  +---------------#---------+   
  #.........@...............#   
  |..............A..**.....*|   
  |........................*|   
  +---------------#---------+   
                                

Message (DISPLAY
                                
  +---------------#---------+   
  #.........@...............#   
  |..............A..**.....*|   
  |........................*|   
  +---------------#---------+   
                                
) was handled correctly!
Message received: GOLD 14 172 63
Message (GOLD 14 172 63) was handled correctly!
Message received: DISPLAY
                                
  +---------------#---------+   
  #..........@..............#   
  |..............A..**.....*|   
  |........................*|   
  +---------------#---------+   
                                

Message (DISPLAY
                                
  +---------------#---------+   
  #..........@..............#   
  |..............A..**.....*|   
  |........................*|   
  +---------------#---------+   
                                
) was handled correctly!
Message received: GOLD 14 172 63
Message (GOLD 14 172 63) was handled correctly!
Message received: DISPLAY
                                
  +---------------#---------+   
  #...........@.............#   
  |..............A..**.....*|   
  |........................*|   
  +---------------#---------+   
                                

Message (DISPLAY
                                
  +---------------#---------+   
  #...........@.............#   
  |..............A..**.....*|   
  |........................*|   
  +---------------#---------+   
                                
) was handled correctly!
Message received: GOLD 14 172 63
Message (GOLD 14 172 63) was handled correctly!
Message received: DISPLAY
                                
  +---------------#---------+   
  #............@............#   
  |..............A..**.....*|   
  |........................*|   
  +---------------#---------+   
                                

Message (DISPLAY
                                
  +---------------#---------+   
  #............@............#   
  |..............A..**.....*|   
  |........................*|   
  +---------------#---------+   
                                
) was handled correctly!
Message received: GOLD 14 172 63
Message (GOLD 14 172 63) was handled correctly!
Message received: DISPLAY
                                
  +---------------#---------+   
  #.............@...........#   
  |..............A..**.....*|   
  |........................*|   
  +---------------#---------+   
                                

Message (DISPLAY
                                
  +---------------#---------+   
  #.............@...........#   
  |..............A..**.....*|   
  |........................*|   
  +---------------#---------+   
                                
) was handled correctly!
Message received: GOLD 14 172 63
Message (GOLD 14 172 63) was handled correctly!
Message received: DISPLAY
                                
  +---------------#---------+   
  #..............@..........#   
  |..............A..**.....*|   
  |........................*|   
  +---------------#---------+   
                                

Message (DISPLAY
                                
  +---------------#---------+   
  #..............@..........#   
  |..............A..**.....*|   
  |........................*|   
  +---------------#---------+   
                                
) was handled correctly!
Message received: GOLD 14 172 63
Message (GOLD 14 172 63) was handled correctly!
Message received: DISPLAY
                                
  +---------------#---------+   
  #...............@.........#   
  |..............A..**.....*|   
  |........................*|   
  +---------------#---------+   
                                

Message (DISPLAY
                                
  +---------------#---------+   
  #...............@.........#   
  |..............A..**.....*|   
  |........................*|   
  +---------------#---------+   
                                
) was handled correctly!
Message received: GOLD 14 172 63
Message (GOLD 14 172 63) was handled correctly!
Message received: DISPLAY
                                
  +---------------#---------+   
  #................@........#   
  |..............A..**.....*|   
  |........................*|   
  +---------------#---------+   
                                

Message (DISPLAY
                                
  +---------------#---------+   
  #................@........#   
  |..............A..**.....*|   
  |........................*|   
  +---------------#---------+   
                                
) was handled correctly!
Message received: GOLD 14 172 63
Message (GOLD 14 172 63) was handled correctly!
Message received: DISPLAY
                                
  +---------------#---------+   
  #.................@.......#   
  |..............A..**.....*|   
  |........................*|   
  +---------------#---------+   
                                

Message (DISPLAY
                                
  +---------------#---------+   
  #.................@.......#   
  |..............A..**.....*|   
  |........................*|   
  +---------------#---------+   
                                
) was handled correctly!
Message received: GOLD 14 172 63
Message (GOLD 14 172 63) was handled correctly!
Message received: DISPLAY
                                
  +---------------#---------+   
  #.........................#   
  |..............A..@*.....*|   
  |........................*|   
  +---------------#---------+   
                                

Message (DISPLAY
                                
  +---------------#---------+   
  #.........................#   
  |..............A..@*.....*|   
  |........................*|   
  +---------------#---------+   
                                
) was handled correctly!
Message received: GOLD 20 192 43
Message (GOLD 20 192 43) was handled correctly!
Message received: DISPLAY
                                
  +---------------#---------+   
  #.........................#   
  |..............A...@.....*|   
  |........................*|   
  +---------------#---------+   
                                

Message (DISPLAY
                                
  +---------------#---------+   
  #.........................#   
  |..............A...@.....*|   
  |........................*|   
  +---------------#---------+   
                                
) was handled correctly!
Message received: GOLD 16 208 27
Message (GOLD 16 208 27) was handled correctly!
Message received: DISPLAY
                                
  +---------------#---------+   
  #.........................#   
  |..............A....@....*|   
  |........................*|   
  +---------------#---------+   
                                

Message (DISPLAY
                                
  +---------------#---------+   
  #.........................#   
  |..............A....@....*|   
  |........................*|   
  +---------------#---------+   
                                
) was handled correctly!
Message received: GOLD 16 208 27
Message (GOLD 16 208 27) was handled correctly!
Message received: DISPLAY
                                
  +---------------#---------+   
  #.........................#   
  |..............A.....@...*|   
  |........................*|   
  +---------------#---------+   
                                

Message (DISPLAY
                                
  +---------------#---------+   
  #.........................#   
  |..............A.....@...*|   
  |........................*|   
  +---------------#---------+   
                                
) was handled correctly!
Message received: GOLD 16 208 27
Message (GOLD 16 208 27) was handled correctly!
Message received: DISPLAY
                                
  +---------------#---------+   
  #.........................#   
  |..............A......@..*|   
  |........................*|   
  +---------------#---------+   
                                

Message (DISPLAY
                                
  +---------------#---------+   
  #.........................#   
  |..............A......@..*|   
  |........................*|   
  +---------------#---------+   
                                
) was handled correctly!
Message received: GOLD 16 208 27
Message (GOLD 16 208 27) was handled correctly!
Message received: DISPLAY
                                
  +---------------#---------+   
  #.........................#   
  |..............A.......@.*|   
  |........................*|   
  +---------------#---------+   
                                

Message (DISPLAY
                                
  +---------------#---------+   
  #.........................#   
  |..............A.......@.*|   
  |........................*|   
  +---------------#---------+   
                                
) was handled correctly!
Message received: GOLD 16 208 27
Message (GOLD 16 208 27) was handled correctly!
Message received: DISPLAY
                                
  +---------------#---------+   
  #......................@..#   
  |..............A.........*|   
  |........................*|   
  +---------------#---------+   
                                

Message (DISPLAY
                                
  +---------------#---------+   
  #......................@..#   
  |..............A.........*|   
  |........................*|   
  +---------------#---------+   
                                
) was handled correctly!
Message received: GOLD 16 208 27
Message (GOLD 16 208 27) was handled correctly!
Message received: DISPLAY
                                
  +---------------#---------+   
  #.........................#   
  |..............A.......@.*|   
  |........................*|   
  +---------------#---------+   
                                

Message (DISPLAY
                                
  +---------------#---------+   
  #.........................#   
  |..............A.......@.*|   
  |........................*|   
  +---------------#---------+   
                                
) was handled correctly!
Message received: GOLD 16 208 27
Message (GOLD 16 208 27) was handled correctly!
             
  +---------------#---------+   
  #.........................#   
  |..............@......B..*|   
  |........................*|   
  +---------------#---------+   
                                

Message (DISPLAY
                                
  +---------------#---------+   
  #.........................#   
  |..............@......B..*|   
  |........................*|   
  +---------------#---------+   
                                
) was handled correctly!
Message received: GOLD 15 15 27
Message (GOLD 15 15 27) was handled correctly!
Message received: DISPLAY
                                
  +---------------#---------+   
  #.........................#   
  |..............@.......B.*|   
  |........................*|   
  +---------------#---------+   
                                

Message (DISPLAY
                                
  +---------------#---------+   
  #.........................#   
  |..............@.......B.*|   
  |........................*|   
  +---------------#---------+   
                                
) was handled correctly!
Message received: GOLD 15 15 27
Message (GOLD 15 15 27) was handled correctly!
Message received: DISPLAY
                                
  +---------------#---------+   
  #......................B..#   
  |..............@.........*|   
  |........................*|   
  +---------------#---------+   
                                

Message (DISPLAY
                                
  +---------------#---------+   
  #......................B..#   
  |..............@.........*|   
  |........................*|   
  +---------------#---------+   
                                
) was handled correctly!
Message received: GOLD 15 15 27
Message (GOLD 15 15 27) was handled correctly!
Message received: DISPLAY
                                
  +---------------#---------+   
  #.........................#   
  |..............@.......B.*|   
  |........................*|   
  +---------------#---------+   
                                

Message (DISPLAY
                                
  +---------------#---------+   
  #.........................#   
  |..............@.......B.*|   
  |........................*|   
  +---------------#---------+   
                                
) was handled correctly!
Message received: GOLD 15 15 27
Message (GOLD 15 15 27) was handled correctly!
